TN:
SF:src\privacy\codePrivacyVault.ts
FN:39,(anonymous_0)
FN:61,(anonymous_1)
FN:89,(anonymous_2)
FN:96,(anonymous_3)
FN:103,(anonymous_4)
FN:112,(anonymous_5)
FNF:6
FNH:6
FNDA:25,(anonymous_0)
FNDA:24,(anonymous_1)
FNDA:9,(anonymous_2)
FNDA:2,(anonymous_3)
FNDA:27,(anonymous_4)
FNDA:8,(anonymous_5)
DA:35,2
DA:40,25
DA:46,25
DA:63,24
DA:64,1
DA:68,23
DA:69,23
DA:70,23
DA:73,23
DA:79,23
DA:80,23
DA:82,23
DA:90,9
DA:97,2
DA:104,27
DA:105,27
DA:106,27
DA:113,8
DA:114,8
DA:115,49
DA:117,8
LF:21
LH:21
BRDA:63,0,0,1
BRDA:63,0,1,23
BRDA:68,1,0,23
BRDA:68,1,1,0
BRF:4
BRH:3
end_of_record
TN:
SF:src\privacy\privacyOrchestrator.ts
FN:36,(anonymous_0)
FN:43,(anonymous_1)
FN:50,(anonymous_2)
FN:58,(anonymous_3)
FN:73,(anonymous_4)
FN:101,(anonymous_5)
FN:120,(anonymous_6)
FN:131,(anonymous_7)
FNF:8
FNH:8
FNDA:14,(anonymous_0)
FNDA:11,(anonymous_1)
FNDA:3,(anonymous_2)
FNDA:10,(anonymous_3)
FNDA:6,(anonymous_4)
FNDA:5,(anonymous_5)
FNDA:16,(anonymous_6)
FNDA:3,(anonymous_7)
DA:9,1
DA:10,1
DA:11,1
DA:30,1
DA:31,14
DA:32,14
DA:34,14
DA:37,14
DA:44,11
DA:45,11
DA:46,1
DA:51,3
DA:59,10
DA:60,10
DA:66,10
DA:74,6
DA:75,1
DA:83,5
DA:89,5
DA:102,5
DA:103,1
DA:111,4
DA:112,4
DA:113,4
DA:114,4
DA:121,16
DA:122,10
DA:123,10
DA:124,10
DA:132,3
LF:30
LH:30
BRDA:36,0,0,14
BRDA:45,1,0,1
BRDA:45,1,1,10
BRDA:45,2,0,11
BRDA:45,2,1,1
BRDA:74,3,0,1
BRDA:74,3,1,5
BRDA:74,4,0,6
BRDA:74,4,1,5
BRDA:102,5,0,1
BRDA:102,5,1,4
BRDA:102,6,0,5
BRDA:102,6,1,4
BRDA:121,7,0,10
BRDA:121,7,1,6
BRF:15
BRH:15
end_of_record
TN:
SF:src\privacy\reassemblyEngine.ts
FN:35,(anonymous_0)
FN:71,(anonymous_1)
FNF:2
FNH:2
FNDA:4,(anonymous_0)
FNDA:4,(anonymous_1)
DA:29,1
DA:39,4
DA:40,4
DA:41,4
DA:44,4
DA:45,4
DA:46,4
DA:48,4
DA:49,4
DA:50,4
DA:52,3
DA:53,3
DA:56,1
DA:60,4
DA:75,4
DA:76,4
LF:16
LH:16
BRDA:45,0,0,4
BRDA:45,0,1,0
BRDA:50,1,0,3
BRDA:50,1,1,1
BRF:4
BRH:3
end_of_record
TN:
SF:src\privacy\sanitizationGateway.ts
FN:66,(anonymous_0)
FN:76,(anonymous_1)
FN:85,(anonymous_2)
FN:95,(anonymous_3)
FNF:4
FNH:3
FNDA:5,(anonymous_0)
FNDA:1,(anonymous_1)
FNDA:4,(anonymous_2)
FNDA:0,(anonymous_3)
DA:22,1
DA:42,1
DA:57,1
DA:60,1
DA:71,5
DA:72,5
DA:73,5
DA:76,5
DA:77,1
DA:78,1
DA:79,1
DA:80,1
DA:84,5
DA:85,5
DA:86,4
DA:87,4
DA:88,4
DA:89,4
DA:94,5
DA:95,5
DA:96,0
DA:97,0
DA:98,0
DA:99,0
DA:104,5
DA:105,5
DA:108,5
LF:27
LH:23
BRDA:69,0,0,0
BRDA:84,1,0,5
BRDA:84,1,1,0
BRDA:86,2,0,0
BRDA:86,2,1,4
BRDA:94,3,0,5
BRDA:94,3,1,0
BRDA:96,4,0,0
BRDA:96,4,1,0
BRDA:104,5,0,5
BRDA:104,5,1,0
BRF:11
BRH:4
end_of_record
TN:
SF:src\utils\errorHandler.ts
FN:3,(anonymous_9)
FN:24,(anonymous_10)
FN:101,(anonymous_11)
FN:110,(anonymous_12)
FNF:4
FNH:2
FNDA:1,(anonymous_9)
FNDA:16,(anonymous_10)
FNDA:0,(anonymous_11)
FNDA:0,(anonymous_12)
DA:1,1
DA:3,1
DA:4,1
DA:5,1
DA:6,1
DA:7,1
DA:8,1
DA:9,1
DA:10,1
DA:22,1
DA:25,16
DA:26,16
DA:28,16
DA:29,2
DA:30,2
DA:40,14
DA:42,3
DA:51,11
DA:52,0
DA:61,11
DA:62,3
DA:71,8
DA:72,1
DA:81,7
DA:83,1
DA:92,6
DA:102,0
DA:103,0
DA:104,0
DA:106,0
DA:111,0
LF:31
LH:25
BRDA:3,0,0,1
BRDA:3,0,1,1
BRDA:25,1,0,16
BRDA:25,1,1,8
BRDA:26,2,0,16
BRDA:26,2,1,9
BRDA:28,3,0,2
BRDA:28,3,1,14
BRDA:28,4,0,16
BRDA:28,4,1,14
BRDA:35,5,0,0
BRDA:35,5,1,2
BRDA:40,6,0,3
BRDA:40,6,1,11
BRDA:40,7,0,14
BRDA:40,7,1,12
BRDA:40,7,2,11
BRDA:51,8,0,0
BRDA:51,8,1,11
BRDA:51,9,0,11
BRDA:51,9,1,11
BRDA:61,10,0,3
BRDA:61,10,1,8
BRDA:61,11,0,11
BRDA:61,11,1,8
BRDA:71,12,0,1
BRDA:71,12,1,7
BRDA:71,13,0,8
BRDA:71,13,1,8
BRDA:81,14,0,1
BRDA:81,14,1,6
BRDA:81,15,0,7
BRDA:81,15,1,7
BRDA:81,15,2,6
BRDA:81,15,3,6
BRDA:103,16,0,0
BRDA:103,16,1,0
BRF:37
BRH:33
end_of_record
TN:
SF:src\utils\inputSanitizer.ts
FN:49,(anonymous_0)
FN:100,(anonymous_1)
FNF:2
FNH:2
FNDA:18,(anonymous_0)
FNDA:3,(anonymous_1)
DA:8,1
DA:20,1
DA:43,1
DA:50,18
DA:51,1
DA:61,17
DA:62,17
DA:63,17
DA:66,17
DA:67,136
DA:68,6
DA:69,6
DA:74,17
DA:75,153
DA:76,9
DA:77,9
DA:82,17
DA:83,17
DA:84,1
DA:87,17
DA:101,3
DA:102,3
LF:22
LH:22
BRDA:50,0,0,1
BRDA:50,0,1,17
BRDA:50,1,0,18
BRDA:50,1,1,17
BRDA:67,2,0,6
BRDA:67,2,1,130
BRDA:75,3,0,9
BRDA:75,3,1,144
BRDA:83,4,0,1
BRDA:83,4,1,16
BRDA:102,5,0,3
BRDA:102,5,1,2
BRF:12
BRH:12
end_of_record
TN:
SF:src\utils\secretScanner.ts
FN:97,(anonymous_0)
FN:126,(anonymous_1)
FN:127,(anonymous_2)
FN:128,(anonymous_3)
FN:135,(anonymous_4)
FNF:5
FNH:5
FNDA:12,(anonymous_0)
FNDA:10,(anonymous_1)
FNDA:10,(anonymous_2)
FNDA:10,(anonymous_3)
FNDA:2,(anonymous_4)
DA:34,1
DA:92,1
DA:98,12
DA:99,12
DA:101,12
DA:102,21
DA:104,21
DA:105,189
DA:108,189
DA:109,10
DA:110,10
DA:111,10
DA:122,12
DA:126,10
DA:127,10
DA:128,10
DA:136,2
DA:137,1
DA:139,1
DA:140,1
DA:141,1
DA:142,1
DA:143,1
LF:23
LH:23
BRDA:136,0,0,1
BRDA:136,0,1,1
BRDA:140,1,0,1
BRDA:140,1,1,0
BRDA:141,2,0,0
BRDA:141,2,1,1
BRDA:142,3,0,0
BRDA:142,3,1,1
BRF:8
BRH:5
end_of_record
